<?xml version="1.0" encoding="UTF-8" standalone="no"?>
<!DOCTYPE log SYSTEM "logger.dtd">
<log>
<record>
  <date>2017-12-17T11:30:53</date>
  <millis>1513510253608</millis>
  <sequence>0</sequence>
  <level>START</level>
  <class>com.kms.katalon.core.logging.KeywordLogger</class>
  <method>startSuite</method>
  <thread>1</thread>
  <message>Start Test Suite : LoginTC</message>
  <nestedLevel>0</nestedLevel>
  <property name="name">LoginTC</property>
  <property name="description"></property>
  <property name="id">Test Suites/Gmail_General_TC/LoginTC</property>
</record>
<record>
  <date>2017-12-17T11:30:53</date>
  <millis>1513510253644</millis>
  <sequence>1</sequence>
  <level>RUN_DATA</level>
  <class>com.kms.katalon.core.logging.KeywordLogger</class>
  <method>logMessage</method>
  <thread>1</thread>
  <message>Logging run data &amp;apos;hostName&amp;apos; with value &amp;apos;Nayods - NSLAPRK.mshome.net&amp;apos;</message>
  <nestedLevel>0</nestedLevel>
  <property name="hostName">Nayods - NSLAPRK.mshome.net</property>
</record>
<record>
  <date>2017-12-17T11:30:53</date>
  <millis>1513510253648</millis>
  <sequence>2</sequence>
  <level>RUN_DATA</level>
  <class>com.kms.katalon.core.logging.KeywordLogger</class>
  <method>logMessage</method>
  <thread>1</thread>
  <message>Logging run data &amp;apos;os&amp;apos; with value &amp;apos;Windows 10 64bit&amp;apos;</message>
  <nestedLevel>0</nestedLevel>
  <property name="os">Windows 10 64bit</property>
</record>
<record>
  <date>2017-12-17T11:30:53</date>
  <millis>1513510253649</millis>
  <sequence>3</sequence>
  <level>RUN_DATA</level>
  <class>com.kms.katalon.core.logging.KeywordLogger</class>
  <method>logMessage</method>
  <thread>1</thread>
  <message>Logging run data &amp;apos;hostAddress&amp;apos; with value &amp;apos;192.168.239.145&amp;apos;</message>
  <nestedLevel>0</nestedLevel>
  <property name="hostAddress">192.168.239.145</property>
</record>
<record>
  <date>2017-12-17T11:30:53</date>
  <millis>1513510253649</millis>
  <sequence>4</sequence>
  <level>RUN_DATA</level>
  <class>com.kms.katalon.core.logging.KeywordLogger</class>
  <method>logMessage</method>
  <thread>1</thread>
  <message>Logging run data &amp;apos;katalonVersion&amp;apos; with value &amp;apos;5.1.0.2&amp;apos;</message>
  <nestedLevel>0</nestedLevel>
  <property name="katalonVersion">5.1.0.2</property>
</record>
<record>
  <date>2017-12-17T11:30:54</date>
  <millis>1513510254061</millis>
  <sequence>5</sequence>
  <level>START</level>
  <class>com.kms.katalon.core.logging.KeywordLogger</class>
  <method>startTest</method>
  <thread>1</thread>
  <message>Start Test Case : Test Cases/Login_Logout/Login</message>
  <nestedLevel>1</nestedLevel>
  <property name="name">Test Cases/Login_Logout/Login</property>
  <property name="description"></property>
  <property name="id">Test Cases/Login_Logout/Login</property>
  <property name="source">C:\\Users\\Nayods\\git\\SoftwareTest_FrameworkTest Cases\\Login_Logout\\Login.tc</property>
  <property name="isOptional">false</property>
</record>
<record>
  <date>2017-12-17T11:30:54</date>
  <millis>1513510254273</millis>
  <sequence>6</sequence>
  <level>INFO</level>
  <class>com.kms.katalon.core.logging.KeywordLogger</class>
  <method>logMessage</method>
  <thread>1</thread>
  <message>Evaluating variables for test case</message>
  <nestedLevel>1</nestedLevel>
</record>
<record>
  <date>2017-12-17T11:30:54</date>
  <millis>1513510254829</millis>
  <sequence>7</sequence>
  <level>START</level>
  <class>com.kms.katalon.core.logging.KeywordLogger</class>
  <method>startKeyword</method>
  <thread>1</thread>
  <message>Start action : Statement - return null</message>
  <nestedLevel>1</nestedLevel>
  <property name="startLine">-1</property>
  <property name="stepIndex">1</property>
</record>
<record>
  <date>2017-12-17T11:30:54</date>
  <millis>1513510254831</millis>
  <sequence>8</sequence>
  <level>END</level>
  <class>com.kms.katalon.core.logging.KeywordLogger</class>
  <method>endKeyword</method>
  <thread>1</thread>
  <message>End action : Statement - return null</message>
  <nestedLevel>1</nestedLevel>
</record>
<record>
  <date>2017-12-17T11:30:54</date>
  <millis>1513510254832</millis>
  <sequence>9</sequence>
  <level>PASSED</level>
  <class>com.kms.katalon.core.logging.KeywordLogger</class>
  <method>logMessage</method>
  <thread>1</thread>
  <message>Test Cases/Login_Logout/Login</message>
  <nestedLevel>1</nestedLevel>
</record>
<record>
  <date>2017-12-17T11:30:54</date>
  <millis>1513510254833</millis>
  <sequence>10</sequence>
  <level>END</level>
  <class>com.kms.katalon.core.logging.KeywordLogger</class>
  <method>endTest</method>
  <thread>1</thread>
  <message>End Test Case : Test Cases/Login_Logout/Login</message>
  <nestedLevel>0</nestedLevel>
</record>
<record>
  <date>2017-12-17T11:30:54</date>
  <millis>1513510254935</millis>
  <sequence>11</sequence>
  <level>END</level>
  <class>com.kms.katalon.core.logging.KeywordLogger</class>
  <method>endSuite</method>
  <thread>1</thread>
  <message>End Test Suite : LoginTC</message>
  <nestedLevel>0</nestedLevel>
</record>
</log>
